Got 1 slots.
Got 1 slots.
Got 1 slots.
Got 1 slots.
Got 1 slots.
Got 1 slots.
Got 1 slots.
Got 1 slots.
Got 1 slots.
Got 1 slots.
/opt/sge/default/spool/node67/job_scripts/532312: line 27: 14119 Floating point exception(core dumped) plicIsoThermTransLLEFlowFoam &>logsml2D
Got 1 slots.
/opt/sge/default/spool/node67/job_scripts/532313: line 27: 15798 Floating point exception(core dumped) plicIsoThermTransLLEFlowFoam &>logsml2D
Got 1 slots.
Got 1 slots.
Got 1 slots.
/opt/sge/default/spool/node67/job_scripts/532448: line 27: 19428 Floating point exception(core dumped) plicIsoThermTransLLEFlowFoam &>logsml2D
Got 1 slots.
/opt/sge/default/spool/node67/job_scripts/532449: line 27: 20843 Floating point exception(core dumped) plicIsoThermTransLLEFlowFoam &>logsml2D
Got 1 slots.
/opt/sge/default/spool/node67/job_scripts/532471: line 27: 36976 Floating point exception(core dumped) plicIsoThermTransLLEFlowFoam &>logsml2D
Got 1 slots.
/opt/sge/default/spool/node67/job_scripts/532472: line 27: 37946 Floating point exception(core dumped) plicIsoThermTransLLEFlowFoam &>logsml2D
Got 1 slots.
/opt/sge/default/spool/node67/job_scripts/532473: line 27: 38507 Floating point exception(core dumped) plicIsoThermTransLLEFlowFoam &>logsml2D
Got 1 slots.
/opt/sge/default/spool/node67/job_scripts/532500: line 27: 26024 Floating point exception(core dumped) plicIsoThermTransLLEFlowFoam &>logsml2D
Got 1 slots.
/opt/sge/default/spool/node67/job_scripts/532504: line 27: 28487 Floating point exception(core dumped) plicIsoThermTransLLEFlowFoam &>logsml2D
Got 1 slots.
/opt/sge/default/spool/node67/job_scripts/532506: line 27: 29096 Floating point exception(core dumped) plicIsoThermTransLLEFlowFoam &>logsml2D
Got 1 slots.
/opt/sge/default/spool/node67/job_scripts/532514: line 27: 30804 Floating point exception(core dumped) plicIsoThermTransLLEFlowFoam &>logsml2D
Got 1 slots.
/opt/sge/default/spool/node49/job_scripts/532528: line 27: 21844 Floating point exception(core dumped) plicIsoThermTransLLEFlowFoam &>logsml2D
Got 1 slots.
Got 1 slots.
Got 1 slots.
Got 1 slots.
Got 1 slots.
Got 1 slots.
Got 1 slots.
Got 1 slots.
/opt/sge/default/spool/node49/job_scripts/532556: line 27:  4477 Floating point exception(core dumped) plicIsoThermTransLLEFlowFoam &>logsml2D
Got 1 slots.
/opt/sge/default/spool/node49/job_scripts/532557: line 27:  5086 Floating point exception(core dumped) plicIsoThermTransLLEFlowFoam &>logsml2D
Got 1 slots.
/opt/sge/default/spool/node49/job_scripts/532558: line 27:  5214 Floating point exception(core dumped) plicIsoThermTransLLEFlowFoam &>logsml2D
Got 1 slots.
/opt/sge/default/spool/node49/job_scripts/532559: line 27:  5524 Floating point exception(core dumped) plicIsoThermTransLLEFlowFoam &>logsml2D
Got 1 slots.
Got 1 slots.
Got 1 slots.
Got 1 slots.
/opt/sge/default/spool/node49/job_scripts/532578: line 26: 12681 Floating point exception(core dumped) plicBinIsoThermTransLLEFlowFoam &>logsml2D
Got 1 slots.
/opt/sge/default/spool/node49/job_scripts/532579: line 26: 13726 Floating point exception(core dumped) plicBinIsoThermTransLLEFlowFoam &>logsml2D
Got 1 slots.
/opt/sge/default/spool/node49/job_scripts/532580: line 26: 14266 Floating point exception(core dumped) plicBinIsoThermTransLLEFlowFoam &>logsml2D
Got 1 slots.
Got 1 slots.
Got 1 slots.
Got 1 slots.
/opt/sge/default/spool/node49/job_scripts/532586: line 26: 16702 Floating point exception(core dumped) plicBinIsoThermTransLLEFlowFoam &>logsml2D
Got 1 slots.
Got 1 slots.
Got 1 slots.
Got 1 slots.
Got 1 slots.
Got 1 slots.
Got 1 slots.
Got 1 slots.
Got 1 slots.
Got 1 slots.
Got 1 slots.
Got 1 slots.
Got 1 slots.
Got 1 slots.
Got 1 slots.
Got 1 slots.
Got 1 slots.
Got 1 slots.
Got 1 slots.
Got 1 slots.
Got 1 slots.
Got 1 slots.
Got 1 slots.
Got 1 slots.
Got 1 slots.
Got 1 slots.
Got 1 slots.
Got 1 slots.
Got 1 slots.
Got 1 slots.
Got 1 slots.
Got 1 slots.
Got 1 slots.
Got 1 slots.
Got 1 slots.
Got 1 slots.
Got 1 slots.
Got 1 slots.
/opt/sge/default/spool/node49/job_scripts/533151: line 26: 15339 Floating point exception(core dumped) plicBinIsoThermTransLLEFlowFoam &>logsml2D
Got 8 slots.
cat: /tmp/533159.1.long2/machines: No such file or directory
Got 8 slots.
cat: /tmp/533170.1.long2/machines: No such file or directory
Got 1 slots.
Got 1 slots.
Got 1 slots.
Got 1 slots.
Got 1 slots.
/opt/sge/default/spool/node42/job_scripts/533257: line 26: 20811 Segmentation fault      (core dumped) plicBinIsoThermTransLLEFlowFoam &>logsml2D
Got 1 slots.
/opt/sge/default/spool/node42/job_scripts/533258: line 26: 21064 Segmentation fault      (core dumped) plicBinIsoThermTransLLEFlowFoam &>logsml2D
Got 1 slots.
/opt/sge/default/spool/node42/job_scripts/533259: line 26: 21132 Floating point exception(core dumped) plicBinIsoThermTransLLEFlowFoam &>logsml2D
Got 1 slots.
